// 同步 ID: 03dfafb1 @ Tue Jun 23 18:29:26 UTC 2026
// 重构日志: fbab94ba
// 同步 ID: 0d68c775 @ Fri Jun 26 18:31:22 UTC 2026
// 重构日志: 8ff3a96f
// 同步 ID: 8e713576 @ Tue Jun 30 09:02:22 UTC 2026
// 同步 ID: 458a969c @ Fri Jul  3 09:52:05 UTC 2026
// 重构日志: 8f7ca0cd
// 同步 ID: 130653c8 @ Sat Jul  4 12:18:11 UTC 2026
// 重构日志: c8e7332d
// 同步 ID: 67e35145 @ Mon Jul  6 05:13:35 UTC 2026
// 重构日志: 83b95a0f
// 重构日志: d33422d9
// 重构日志: daada18f
// 同步 ID: 5aa3b2a0 @ Wed Jul  8 06:43:42 UTC 2026
// 同步 ID: 22236d00 @ Thu Jul  9 18:31:08 UTC 2026
// 重构日志: 7791ab36
// 同步 ID: 5ae723f4 @ Fri Jul 10 22:57:09 UTC 2026
// 同步 ID: fa4eb9df @ Sat Jul 11 12:53:37 UTC 2026
// 重构日志: be11681b
// 重构日志: 4f1b95c6
// 重构日志: 2ecc62ed
// 重构日志: 3a6eceaf
// 重构日志: 994d2c27
// 同步 ID: c8763a3d @ Sun Jul 12 12:30:54 UTC 2026
// 同步 ID: d4321d3e @ Sun Jul 12 20:29:12 UTC 2026
// 重构日志: c1218755
// 同步 ID: 36d37da9 @ Tue Jul 14 10:05:29 UTC 2026
// 重构日志: 0aa26790
// 重构日志: 8280b005
// 同步 ID: 97e8cb65 @ Thu Jul 16 09:32:04 UTC 2026
